<?xml version="1.0" encoding="UTF-8"?>
<coverage generated="1776591651436" clover="3.2.0">
  <project timestamp="1776591651436" name="All files">
    <metrics statements="34" coveredstatements="34" conditionals="19" coveredconditionals="19" methods="3" coveredmethods="3" elements="56" coveredelements="56" complexity="0" loc="34" ncloc="34" packages="1" files="2" classes="2"/>
    <file name="addTiktokLinks.js" path="/home/user01/Documents/Frontend/Final/be-project-68-bitkrub/utils/addTiktokLinks.js">
      <metrics statements="14" coveredstatements="14" conditionals="11" coveredconditionals="11" methods="2" coveredmethods="2"/>
      <line num="3" count="1" type="stmt"/>
      <line num="16" count="8" type="stmt"/>
      <line num="17" count="8" type="stmt"/>
      <line num="19" count="8" type="cond" truecount="5" falsecount="0"/>
      <line num="20" count="3" type="stmt"/>
      <line num="23" count="8" type="cond" truecount="2" falsecount="0"/>
      <line num="25" count="5" type="cond" truecount="2" falsecount="0"/>
      <line num="26" count="1" type="stmt"/>
      <line num="29" count="4" type="stmt"/>
      <line num="35" count="3" type="cond" truecount="2" falsecount="0"/>
      <line num="36" count="1" type="stmt"/>
      <line num="39" count="2" type="stmt"/>
      <line num="41" count="1" type="stmt"/>
      <line num="45" count="1" type="stmt"/>
    </file>
    <file name="createReservation.js" path="/home/user01/Documents/Frontend/Final/be-project-68-bitkrub/utils/createReservation.js">
      <metrics statements="20" coveredstatements="20" conditionals="8" coveredconditionals="8" methods="1" coveredmethods="1"/>
      <line num="3" count="1" type="stmt"/>
      <line num="4" count="1" type="stmt"/>
      <line num="5" count="1" type="stmt"/>
      <line num="18" count="6" type="stmt"/>
      <line num="20" count="6" type="stmt"/>
      <line num="26" count="5" type="cond" truecount="2" falsecount="0"/>
      <line num="27" count="1" type="stmt"/>
      <line num="34" count="4" type="stmt"/>
      <line num="35" count="4" type="cond" truecount="2" falsecount="0"/>
      <line num="36" count="1" type="stmt"/>
      <line num="40" count="3" type="stmt"/>
      <line num="41" count="3" type="cond" truecount="2" falsecount="0"/>
      <line num="42" count="1" type="stmt"/>
      <line num="44" count="2" type="cond" truecount="2" falsecount="0"/>
      <line num="45" count="1" type="stmt"/>
      <line num="48" count="1" type="stmt"/>
      <line num="49" count="1" type="stmt"/>
      <line num="51" count="1" type="stmt"/>
      <line num="57" count="1" type="stmt"/>
      <line num="61" count="1" type="stmt"/>
    </file>
  </project>
</coverage>
