{"/home/user01/Documents/Frontend/Final/be-project-68-bitkrub/utils/addTiktokLinks.js": {"path":"/home/user01/Documents/Frontend/Final/be-project-68-bitkrub/utils/addTiktokLinks.js","statementMap":{"0":{"start":{"line":3,"column":20},"end":{"line":3,"column":52}},"1":{"start":{"line":16,"column":2},"end":{"line":42,"column":3}},"2":{"start":{"line":17,"column":22},"end":{"line":17,"column":30}},"3":{"start":{"line":19,"column":4},"end":{"line":21,"column":5}},"4":{"start":{"line":20,"column":6},"end":{"line":20,"column":90}},"5":{"start":{"line":23,"column":23},"end":{"line":23,"column":91}},"6":{"start":{"line":23,"column":41},"end":{"line":23,"column":90}},"7":{"start":{"line":25,"column":4},"end":{"line":27,"column":5}},"8":{"start":{"line":26,"column":6},"end":{"line":26,"column":96}},"9":{"start":{"line":29,"column":17},"end":{"line":33,"column":5}},"10":{"start":{"line":35,"column":4},"end":{"line":37,"column":5}},"11":{"start":{"line":36,"column":6},"end":{"line":36,"column":81}},"12":{"start":{"line":39,"column":4},"end":{"line":39,"column":75}},"13":{"start":{"line":41,"column":4},"end":{"line":41,"column":74}},"14":{"start":{"line":45,"column":0},"end":{"line":45,"column":36}}},"fnMap":{"0":{"name":"addTiktokLinks","decl":{"start":{"line":15,"column":15},"end":{"line":15,"column":29}},"loc":{"start":{"line":15,"column":40},"end":{"line":43,"column":1}},"line":15},"1":{"name":"(anonymous_1)","decl":{"start":{"line":23,"column":36},"end":{"line":23,"column":37}},"loc":{"start":{"line":23,"column":41},"end":{"line":23,"column":90}},"line":23}},"branchMap":{"0":{"loc":{"start":{"line":19,"column":4},"end":{"line":21,"column":5}},"type":"if","locations":[{"start":{"line":19,"column":4},"end":{"line":21,"column":5}},{"start":{},"end":{}}],"line":19},"1":{"loc":{"start":{"line":19,"column":8},"end":{"line":19,"column":61}},"type":"binary-expr","locations":[{"start":{"line":19,"column":8},"end":{"line":19,"column":14}},{"start":{"line":19,"column":18},"end":{"line":19,"column":39}},{"start":{"line":19,"column":43},"end":{"line":19,"column":61}}],"line":19},"2":{"loc":{"start":{"line":23,"column":41},"end":{"line":23,"column":90}},"type":"binary-expr","locations":[{"start":{"line":23,"column":41},"end":{"line":23,"column":62}},{"start":{"line":23,"column":66},"end":{"line":23,"column":90}}],"line":23},"3":{"loc":{"start":{"line":25,"column":4},"end":{"line":27,"column":5}},"type":"if","locations":[{"start":{"line":25,"column":4},"end":{"line":27,"column":5}},{"start":{},"end":{}}],"line":25},"4":{"loc":{"start":{"line":35,"column":4},"end":{"line":37,"column":5}},"type":"if","locations":[{"start":{"line":35,"column":4},"end":{"line":37,"column":5}},{"start":{},"end":{}}],"line":35}},"s":{"0":1,"1":8,"2":8,"3":8,"4":3,"5":5,"6":8,"7":5,"8":1,"9":4,"10":3,"11":1,"12":2,"13":1,"14":1},"f":{"0":8,"1":8},"b":{"0":[3,5],"1":[8,7,6],"2":[8,7],"3":[1,4],"4":[1,2]},"_coverageSchema":"1a1c01bbd47fc00a2c39e90264f33305004495a9","hash":"36da1ffac4484ed0a7b54792e7b6143b48869fc9"}
,"/home/user01/Documents/Frontend/Final/be-project-68-bitkrub/utils/createReservation.js": {"path":"/home/user01/Documents/Frontend/Final/be-project-68-bitkrub/utils/createReservation.js","statementMap":{"0":{"start":{"line":3,"column":23},"end":{"line":3,"column":55}},"1":{"start":{"line":4,"column":23},"end":{"line":4,"column":55}},"2":{"start":{"line":5,"column":23},"end":{"line":5,"column":58}},"3":{"start":{"line":18,"column":2},"end":{"line":58,"column":3}},"4":{"start":{"line":20,"column":31},"end":{"line":24,"column":6}},"5":{"start":{"line":26,"column":4},"end":{"line":31,"column":5}},"6":{"start":{"line":27,"column":6},"end":{"line":30,"column":9}},"7":{"start":{"line":34,"column":17},"end":{"line":34,"column":58}},"8":{"start":{"line":35,"column":4},"end":{"line":37,"column":5}},"9":{"start":{"line":36,"column":6},"end":{"line":36,"column":109}},"10":{"start":{"line":40,"column":20},"end":{"line":40,"column":67}},"11":{"start":{"line":41,"column":4},"end":{"line":43,"column":5}},"12":{"start":{"line":42,"column":6},"end":{"line":42,"column":115}},"13":{"start":{"line":44,"column":4},"end":{"line":46,"column":5}},"14":{"start":{"line":45,"column":6},"end":{"line":45,"column":111}},"15":{"start":{"line":48,"column":4},"end":{"line":48,"column":32}},"16":{"start":{"line":49,"column":24},"end":{"line":49,"column":58}},"17":{"start":{"line":51,"column":4},"end":{"line":55,"column":7}},"18":{"start":{"line":57,"column":4},"end":{"line":57,"column":74}},"19":{"start":{"line":61,"column":0},"end":{"line":61,"column":39}}},"fnMap":{"0":{"name":"createReservation","decl":{"start":{"line":17,"column":15},"end":{"line":17,"column":32}},"loc":{"start":{"line":17,"column":43},"end":{"line":59,"column":1}},"line":17}},"branchMap":{"0":{"loc":{"start":{"line":26,"column":4},"end":{"line":31,"column":5}},"type":"if","locations":[{"start":{"line":26,"column":4},"end":{"line":31,"column":5}},{"start":{},"end":{}}],"line":26},"1":{"loc":{"start":{"line":35,"column":4},"end":{"line":37,"column":5}},"type":"if","locations":[{"start":{"line":35,"column":4},"end":{"line":37,"column":5}},{"start":{},"end":{}}],"line":35},"2":{"loc":{"start":{"line":41,"column":4},"end":{"line":43,"column":5}},"type":"if","locations":[{"start":{"line":41,"column":4},"end":{"line":43,"column":5}},{"start":{},"end":{}}],"line":41},"3":{"loc":{"start":{"line":44,"column":4},"end":{"line":46,"column":5}},"type":"if","locations":[{"start":{"line":44,"column":4},"end":{"line":46,"column":5}},{"start":{},"end":{}}],"line":44}},"s":{"0":1,"1":1,"2":1,"3":6,"4":6,"5":5,"6":1,"7":4,"8":4,"9":1,"10":3,"11":3,"12":1,"13":2,"14":1,"15":1,"16":1,"17":1,"18":1,"19":1},"f":{"0":6},"b":{"0":[1,4],"1":[1,3],"2":[1,2],"3":[1,1]},"_coverageSchema":"1a1c01bbd47fc00a2c39e90264f33305004495a9","hash":"03c3680c4d881a6e59fd11cc78d6d26d805af8a9"}
}
