{"/home/user01/Documents/Frontend/Final/be-project-68-bitkrub/utils/addTiktokLinks.js": {"path":"/home/user01/Documents/Frontend/Final/be-project-68-bitkrub/utils/addTiktokLinks.js","statementMap":{"0":{"start":{"line":3,"column":20},"end":{"line":3,"column":52}},"1":{"start":{"line":16,"column":2},"end":{"line":42,"column":3}},"2":{"start":{"line":17,"column":22},"end":{"line":17,"column":30}},"3":{"start":{"line":19,"column":4},"end":{"line":21,"column":5}},"4":{"start":{"line":20,"column":6},"end":{"line":20,"column":90}},"5":{"start":{"line":23,"column":23},"end":{"line":23,"column":91}},"6":{"start":{"line":23,"column":41},"end":{"line":23,"column":90}},"7":{"start":{"line":25,"column":4},"end":{"line":27,"column":5}},"8":{"start":{"line":26,"column":6},"end":{"line":26,"column":96}},"9":{"start":{"line":29,"column":17},"end":{"line":33,"column":5}},"10":{"start":{"line":35,"column":4},"end":{"line":37,"column":5}},"11":{"start":{"line":36,"column":6},"end":{"line":36,"column":81}},"12":{"start":{"line":39,"column":4},"end":{"line":39,"column":75}},"13":{"start":{"line":41,"column":4},"end":{"line":41,"column":74}},"14":{"start":{"line":45,"column":0},"end":{"line":45,"column":36}}},"fnMap":{"0":{"name":"addTiktokLinks","decl":{"start":{"line":15,"column":15},"end":{"line":15,"column":29}},"loc":{"start":{"line":15,"column":40},"end":{"line":43,"column":1}},"line":15},"1":{"name":"(anonymous_1)","decl":{"start":{"line":23,"column":36},"end":{"line":23,"column":37}},"loc":{"start":{"line":23,"column":41},"end":{"line":23,"column":90}},"line":23}},"branchMap":{"0":{"loc":{"start":{"line":19,"column":4},"end":{"line":21,"column":5}},"type":"if","locations":[{"start":{"line":19,"column":4},"end":{"line":21,"column":5}},{"start":{},"end":{}}],"line":19},"1":{"loc":{"start":{"line":19,"column":8},"end":{"line":19,"column":61}},"type":"binary-expr","locations":[{"start":{"line":19,"column":8},"end":{"line":19,"column":14}},{"start":{"line":19,"column":18},"end":{"line":19,"column":39}},{"start":{"line":19,"column":43},"end":{"line":19,"column":61}}],"line":19},"2":{"loc":{"start":{"line":23,"column":41},"end":{"line":23,"column":90}},"type":"binary-expr","locations":[{"start":{"line":23,"column":41},"end":{"line":23,"column":62}},{"start":{"line":23,"column":66},"end":{"line":23,"column":90}}],"line":23},"3":{"loc":{"start":{"line":25,"column":4},"end":{"line":27,"column":5}},"type":"if","locations":[{"start":{"line":25,"column":4},"end":{"line":27,"column":5}},{"start":{},"end":{}}],"line":25},"4":{"loc":{"start":{"line":35,"column":4},"end":{"line":37,"column":5}},"type":"if","locations":[{"start":{"line":35,"column":4},"end":{"line":37,"column":5}},{"start":{},"end":{}}],"line":35}},"s":{"0":1,"1":8,"2":8,"3":8,"4":3,"5":5,"6":8,"7":5,"8":1,"9":4,"10":3,"11":1,"12":2,"13":1,"14":1},"f":{"0":8,"1":8},"b":{"0":[3,5],"1":[8,7,6],"2":[8,7],"3":[1,4],"4":[1,2]},"_coverageSchema":"1a1c01bbd47fc00a2c39e90264f33305004495a9","hash":"36da1ffac4484ed0a7b54792e7b6143b48869fc9"}
,"/home/user01/Documents/Frontend/Final/be-project-68-bitkrub/utils/createReservation.js": {"path":"/home/user01/Documents/Frontend/Final/be-project-68-bitkrub/utils/createReservation.js","statementMap":{"0":{"start":{"line":3,"column":23},"end":{"line":3,"column":55}},"1":{"start":{"line":4,"column":23},"end":{"line":4,"column":55}},"2":{"start":{"line":5,"column":23},"end":{"line":5,"column":58}},"3":{"start":{"line":18,"column":2},"end":{"line":80,"column":3}},"4":{"start":{"line":20,"column":31},"end":{"line":24,"column":6}},"5":{"start":{"line":26,"column":4},"end":{"line":31,"column":5}},"6":{"start":{"line":27,"column":6},"end":{"line":30,"column":9}},"7":{"start":{"line":34,"column":17},"end":{"line":34,"column":58}},"8":{"start":{"line":35,"column":4},"end":{"line":37,"column":5}},"9":{"start":{"line":36,"column":6},"end":{"line":36,"column":109}},"10":{"start":{"line":40,"column":20},"end":{"line":40,"column":67}},"11":{"start":{"line":41,"column":4},"end":{"line":43,"column":5}},"12":{"start":{"line":42,"column":6},"end":{"line":42,"column":115}},"13":{"start":{"line":44,"column":4},"end":{"line":46,"column":5}},"14":{"start":{"line":45,"column":6},"end":{"line":45,"column":111}},"15":{"start":{"line":49,"column":21},"end":{"line":49,"column":48}},"16":{"start":{"line":50,"column":19},"end":{"line":50,"column":78}},"17":{"start":{"line":52,"column":33},"end":{"line":55,"column":38}},"18":{"start":{"line":57,"column":4},"end":{"line":68,"column":5}},"19":{"start":{"line":58,"column":28},"end":{"line":58,"column":55}},"20":{"start":{"line":59,"column":31},"end":{"line":59,"column":63}},"21":{"start":{"line":60,"column":26},"end":{"line":60,"column":90}},"22":{"start":{"line":62,"column":6},"end":{"line":67,"column":7}},"23":{"start":{"line":63,"column":8},"end":{"line":66,"column":11}},"24":{"start":{"line":70,"column":4},"end":{"line":70,"column":32}},"25":{"start":{"line":71,"column":24},"end":{"line":71,"column":58}},"26":{"start":{"line":73,"column":4},"end":{"line":77,"column":7}},"27":{"start":{"line":79,"column":4},"end":{"line":79,"column":74}},"28":{"start":{"line":83,"column":0},"end":{"line":83,"column":39}}},"fnMap":{"0":{"name":"createReservation","decl":{"start":{"line":17,"column":15},"end":{"line":17,"column":32}},"loc":{"start":{"line":17,"column":43},"end":{"line":81,"column":1}},"line":17}},"branchMap":{"0":{"loc":{"start":{"line":26,"column":4},"end":{"line":31,"column":5}},"type":"if","locations":[{"start":{"line":26,"column":4},"end":{"line":31,"column":5}},{"start":{},"end":{}}],"line":26},"1":{"loc":{"start":{"line":35,"column":4},"end":{"line":37,"column":5}},"type":"if","locations":[{"start":{"line":35,"column":4},"end":{"line":37,"column":5}},{"start":{},"end":{}}],"line":35},"2":{"loc":{"start":{"line":41,"column":4},"end":{"line":43,"column":5}},"type":"if","locations":[{"start":{"line":41,"column":4},"end":{"line":43,"column":5}},{"start":{},"end":{}}],"line":41},"3":{"loc":{"start":{"line":44,"column":4},"end":{"line":46,"column":5}},"type":"if","locations":[{"start":{"line":44,"column":4},"end":{"line":46,"column":5}},{"start":{},"end":{}}],"line":44},"4":{"loc":{"start":{"line":59,"column":31},"end":{"line":59,"column":63}},"type":"binary-expr","locations":[{"start":{"line":59,"column":31},"end":{"line":59,"column":57}},{"start":{"line":59,"column":61},"end":{"line":59,"column":63}}],"line":59},"5":{"loc":{"start":{"line":62,"column":6},"end":{"line":67,"column":7}},"type":"if","locations":[{"start":{"line":62,"column":6},"end":{"line":67,"column":7}},{"start":{},"end":{}}],"line":62},"6":{"loc":{"start":{"line":62,"column":10},"end":{"line":62,"column":58}},"type":"binary-expr","locations":[{"start":{"line":62,"column":10},"end":{"line":62,"column":32}},{"start":{"line":62,"column":36},"end":{"line":62,"column":58}}],"line":62}},"s":{"0":1,"1":1,"2":1,"3":11,"4":11,"5":10,"6":1,"7":9,"8":9,"9":1,"10":8,"11":8,"12":1,"13":7,"14":1,"15":6,"16":6,"17":6,"18":6,"19":5,"20":5,"21":5,"22":5,"23":3,"24":3,"25":3,"26":3,"27":1,"28":1},"f":{"0":11},"b":{"0":[1,9],"1":[1,8],"2":[1,7],"3":[1,6],"4":[5,0],"5":[3,2],"6":[5,3]},"_coverageSchema":"1a1c01bbd47fc00a2c39e90264f33305004495a9","hash":"ab1e84623d61feac11dc4d39aa166a7ecfa5a143"}
}
