TN:
SF:utils/addTiktokLinks.js
FN:15,addTiktokLinks
FN:23,(anonymous_1)
FNF:2
FNH:2
FNDA:8,addTiktokLinks
FNDA:8,(anonymous_1)
DA:3,1
DA:16,8
DA:17,8
DA:19,8
DA:20,3
DA:23,8
DA:25,5
DA:26,1
DA:29,4
DA:35,3
DA:36,1
DA:39,2
DA:41,1
DA:45,1
LF:14
LH:14
BRDA:19,0,0,3
BRDA:19,0,1,5
BRDA:19,1,0,8
BRDA:19,1,1,7
BRDA:19,1,2,6
BRDA:23,2,0,8
BRDA:23,2,1,7
BRDA:25,3,0,1
BRDA:25,3,1,4
BRDA:35,4,0,1
BRDA:35,4,1,2
BRF:11
BRH:11
end_of_record
TN:
SF:utils/createReservation.js
FN:17,createReservation
FNF:1
FNH:1
FNDA:6,createReservation
DA:3,1
DA:4,1
DA:5,1
DA:18,6
DA:20,6
DA:26,5
DA:27,1
DA:34,4
DA:35,4
DA:36,1
DA:40,3
DA:41,3
DA:42,1
DA:44,2
DA:45,1
DA:48,1
DA:49,1
DA:51,1
DA:57,1
DA:61,1
LF:20
LH:20
BRDA:26,0,0,1
BRDA:26,0,1,4
BRDA:35,1,0,1
BRDA:35,1,1,3
BRDA:41,2,0,1
BRDA:41,2,1,2
BRDA:44,3,0,1
BRDA:44,3,1,1
BRF:8
BRH:8
end_of_record
